<?xml version="1.0" encoding="UTF-8"?>
<!-- Generated by org.testng.reporters.JUnitReportReporter -->
<testsuite hostname="edulab3" failures="0" tests="2" name="com.Testng.TestNGAnoonationFlow" time="0.003" errors="0" timestamp="2023-06-10T16:54:30 IST" skipped="0">
  <testcase classname="com.Testng.TestNGAnoonationFlow" name="e" time="0.003"/>
  <system-out/>
  <testcase classname="com.Testng.TestNGAnoonationFlow" name="ee" time="0.000"/>
  <system-out/>
</testsuite> <!-- com.Testng.TestNGAnoonationFlow -->
